<?xml version="1.0" encoding="UTF-8"?>
<!-- Generated by org.testng.reporters.JUnitReportReporter -->
<testsuite hostname="H2400-0384L" name="com.testcase.TC001_CreateNewProspect" tests="1" failures="0" timestamp="17 Jul 2014 07:01:10 GMT" time="16.472" errors="0">
  <testcase name="newProspect" time="16.472" classname="com.testcase.TC001_CreateNewProspect"/>
</testsuite> <!-- com.testcase.TC001_CreateNewProspect -->
